<?xml version="1.0" encoding="UTF-8"?>
<!-- Generated by org.testng.reporters.JUnitXMLReporter -->
<testsuite hostname="LAPTOP-HPGRN3FM" ignored="0" name="logintestTest" tests="2" failures="1" timestamp="01 Sep 2019 11:17:56 GMT" time="28.833" errors="0">
  <testcase name="logintest" time="11.229" classname="com.pentpractice.testcases.Tc_00loginpage"/>
  <testcase name="logintest3" time="4.646" classname="com.pentpractice.testcases.Tc_003loginpage">
    <failure type="java.lang.AssertionError" message="expected [true] but found [false]">
      <![CDATA[java.lang.AssertionError: expected [true] but found [false]
at com.pentpractice.testcases.Tc_003loginpage.logintest3(Tc_003loginpage.java:47)
... Removed 29 stack frames]]>
    </failure>
  </testcase> <!-- logintest3 -->
</testsuite> <!-- logintestTest -->
