<?xml version="1.0" encoding="UTF-8"?>
<!-- Generated by org.testng.reporters.JUnitXMLReporter -->
<testsuite hostname="LAPTOP-HPGRN3FM" ignored="0" name="logintestTest" tests="3" failures="0" timestamp="31 Aug 2019 18:39:58 GMT" time="40.925" errors="0">
  <testcase name="logintest" time="9.481" classname="com.pentpractice.testcases.Tc_00loginpage"/>
  <testcase name="logintest3" time="6.654" classname="com.pentpractice.testcases.Tc_003loginpage"/>
  <testcase name="logintest2" time="4.968" classname="com.pentpractice.testcases.Tc_002loginpage"/>
</testsuite> <!-- logintestTest -->
